<?xml version="1.0" encoding="UTF-8"?>
<!-- Generated by org.testng.reporters.JUnitXMLReporter -->
<testsuite ignored="0" hostname="Life" failures="0" tests="3" name="Default test" time="21.177" errors="0" timestamp="2026-03-31T06:47:52 GMT-05:00">
  <testcase classname="test.Parallel_Execution" name="FileDownload" time="15.372"/>
  <testcase classname="test.Parallel_Execution" name="testamazon" time="4.0"/>
  <testcase classname="test.Parallel_Execution" name="testgoogle" time="1.765"/>
</testsuite> <!-- Default test -->
