<?xml version="1.0" encoding="UTF-8"?>
<testng-results ignored="0" total="1" passed="1" failed="0" skipped="0">
  <reporter-output>
  </reporter-output>
  <suite started-at="2026-04-08T20:59:11 GMT-05:00" name="Default suite" finished-at="2026-04-08T20:59:57 GMT-05:00" duration-ms="45984">
    <groups>
    </groups>
    <test started-at="2026-04-08T20:59:11 GMT-05:00" name="Default test" finished-at="2026-04-08T20:59:57 GMT-05:00" duration-ms="45984">
      <class name="test.Locators_Test">
        <test-method is-config="true" signature="LaunchBrowser()[pri:0, instance:test.Locators_Test@3c419631]" started-at="2026-04-08T20:59:11 GMT-05:00" name="LaunchBrowser" finished-at="2026-04-08T20:59:34 GMT-05:00" duration-ms="23320" status="PASS">
          <reporter-output>
          </reporter-output>
        </test-method> <!-- LaunchBrowser -->
        <test-method signature="FormData()[pri:0, instance:test.Locators_Test@3c419631]" started-at="2026-04-08T20:59:34 GMT-05:00" name="FormData" finished-at="2026-04-08T20:59:56 GMT-05:00" duration-ms="22229" status="PASS">
          <reporter-output>
          </reporter-output>
        </test-method> <!-- FormData -->
        <test-method is-config="true" signature="TearDown()[pri:0, instance:test.Locators_Test@3c419631]" started-at="2026-04-08T20:59:56 GMT-05:00" name="TearDown" finished-at="2026-04-08T20:59:57 GMT-05:00" duration-ms="371" status="PASS">
          <reporter-output>
          </reporter-output>
        </test-method> <!-- TearDown -->
      </class> <!-- test.Locators_Test -->
    </test> <!-- Default test -->
  </suite> <!-- Default suite -->
</testng-results>
