<?xml version="1.0" encoding="UTF-8"?>
<!-- Generated by org.testng.reporters.JUnitReportReporter -->
<testsuite hostname="Life" failures="0" tests="3" name="test.Parallel_Execution" time="21.137" errors="0" timestamp="2026-03-31T06:47:52 GMT-05:00" skipped="0">
  <testcase classname="test.Parallel_Execution" name="FileDownload" time="15.372"/>
  <testcase classname="test.Parallel_Execution" name="testamazon" time="4.000"/>
  <testcase classname="test.Parallel_Execution" name="testgoogle" time="1.765"/>
</testsuite> <!-- test.Parallel_Execution -->
